<?xml version="1.0" encoding="UTF-8"?>
<!-- Generated by org.testng.reporters.JUnitXMLReporter -->
<testsuite hostname="hp" ignored="0" name="Default test" tests="3" failures="0" timestamp="24 Jun 2018 14:54:18 GMT" time="81.145" errors="0">
  <testcase name="Verifylogin" time="5.451" classname="NewVersion.com.kemix.Execution"/>
  <testcase name="VerifyClickBranches" time="2.387" classname="NewVersion.com.kemix.Execution"/>
  <testcase name="VerifySearchBranch" time="5.251" classname="NewVersion.com.kemix.Execution"/>
</testsuite> <!-- Default test -->
