<?xml version="1.0" encoding="UTF-8"?>
<!-- Generated by org.testng.reporters.JUnitXMLReporter -->
<testsuite hostname="hp" ignored="0" name="Default test" tests="3" failures="0" timestamp="30 May 2018 04:07:47 GMT" time="58.738" errors="0">
  <testcase name="Verifylogin" time="9.176" classname="NewVersion.com.kemix.Execution"/>
  <testcase name="VerifyClickBranches" time="4.372" classname="NewVersion.com.kemix.Execution"/>
  <testcase name="VerifySearchBranch" time="4.656" classname="NewVersion.com.kemix.Execution"/>
</testsuite> <!-- Default test -->
