<?xml version="1.0" encoding="UTF-8"?>
<testng-results skipped="0" failed="0" ignored="0" total="3" passed="3">
  <reporter-output>
    <line>
      <![CDATA[Lauch Sucessfully]]>
    </line>
  </reporter-output>
  <suite name="Default suite" duration-ms="81145" started-at="2018-06-24T14:52:57Z" finished-at="2018-06-24T14:54:18Z">
    <groups>
    </groups>
    <test name="Default test" duration-ms="81145" started-at="2018-06-24T14:52:57Z" finished-at="2018-06-24T14:54:18Z">
      <class name="NewVersion.com.kemix.Execution">
        <test-method status="PASS" signature="launchHome()[pri:0, instance:NewVersion.com.kemix.Execution@5b275dab]" name="launchHome" is-config="true" duration-ms="67955" started-at="2018-06-24T20:22:57Z" finished-at="2018-06-24T20:24:05Z">
          <reporter-output>
            <line>
              <![CDATA[Lauch Sucessfully]]>
            </line>
          </reporter-output>
        </test-method> <!-- launchHome -->
        <test-method status="PASS" signature="Verifylogin()[pri:1, instance:NewVersion.com.kemix.Execution@5b275dab]" name="Verifylogin" duration-ms="5451" started-at="2018-06-24T20:24:05Z" finished-at="2018-06-24T20:24:10Z">
          <reporter-output>
          </reporter-output>
        </test-method> <!-- Verifylogin -->
        <test-method status="PASS" signature="VerifyClickBranches()[pri:2, instance:NewVersion.com.kemix.Execution@5b275dab]" name="VerifyClickBranches" duration-ms="2387" started-at="2018-06-24T20:24:10Z" finished-at="2018-06-24T20:24:12Z">
          <reporter-output>
          </reporter-output>
        </test-method> <!-- VerifyClickBranches -->
        <test-method status="PASS" signature="VerifySearchBranch()[pri:3, instance:NewVersion.com.kemix.Execution@5b275dab]" name="VerifySearchBranch" duration-ms="5251" started-at="2018-06-24T20:24:13Z" finished-at="2018-06-24T20:24:18Z">
          <reporter-output>
          </reporter-output>
        </test-method> <!-- VerifySearchBranch -->
      </class> <!-- NewVersion.com.kemix.Execution -->
    </test> <!-- Default test -->
  </suite> <!-- Default suite -->
</testng-results>
